<?xml version="1.0" encoding="UTF-8"?>
<testsuite xmlns:xsi="http://www.w3.org/2001/XMLSchema-instance" xsi:noNamespaceSchemaLocation="https://maven.apache.org/surefire/maven-surefire-plugin/xsd/surefire-test-report-3.0.xsd" version="3.0" name="rx.RxTests" time="0.064" tests="6" errors="0" skipped="0" failures="0">
  <properties>
[...]
</properties>
  <testcase name="testFilterOperator" classname="rx.RxTests" time="0.018"/>
  <testcase name="testMapOperator" classname="rx.RxTests" time="0.004"/>
  <testcase name="testDisposableStopsEmission" classname="rx.RxTests" time="0.003"/>
  <testcase name="testFlatMapOperator" classname="rx.RxTests" time="0.004"/>
  <testcase name="testErrorHandling" classname="rx.RxTests" time="0.003"/>
  <testcase name="testSchedulersConcurrency" classname="rx.RxTests" time="0.009"/>
</testsuite>